<?xml version="1.0" encoding="UTF-8"?>
<testsuite xmlns:xsi="http://www.w3.org/2001/XMLSchema-instance" xsi:noNamespaceSchemaLocation="https://maven.apache.org/surefire/maven-surefire-plugin/xsd/surefire-test-report-3.0.xsd" version="3.0" name="better.cloud.SecretSantaTest" time="0.124" tests="1" errors="0" skipped="0" failures="0">
  <properties>
[...]
</properties>
  <testcase name="shouldTestSecretSanta" classname="better.cloud.SecretSantaTest" time="0.086">
    <system-out><![CDATA[:::FIRST SECRET SANTA:::
Gael -> {Arturo} 
Edgar -> {Gaby} 
Erick -> {Edgar} 
Darla -> {Gael} 
Angel -> {Darla} 
Diego -> {Angel} 
Dulce -> {Maria} 
Arturo -> {Flavio} 
Gaby -> {Gina} 
Flavio -> {Erick} 
Gina -> {Irving} 
Gabriela -> {Dulce} 
Irving -> {Diego} 
Maria -> {Gabriela} 

:::SECOND SECRET SANTA:::
Gael -> {Arturo,Erick} 
Edgar -> {Gaby,Arturo} 
Erick -> {Edgar,Gaby} 
Darla -> {Gael,Maria} 
Angel -> {Darla,Gabriela} 
Diego -> {Angel,Irving} 
Dulce -> {Maria,Edgar} 
Arturo -> {Flavio,Gina} 
Gaby -> {Gina,Flavio} 
Flavio -> {Erick,Dulce} 
Gina -> {Irving,Diego} 
Gabriela -> {Dulce,Darla} 
Irving -> {Diego,Angel} 
Maria -> {Gabriela,Gael} 

:::THIRD SECRET SANTA:::
Gael -> {Arturo,Erick,Maria} 
Edgar -> {Gaby,Arturo,Darla} 
Erick -> {Edgar,Gaby,Irving} 
Darla -> {Gael,Maria,Edgar} 
Angel -> {Darla,Gabriela,Dulce} 
Diego -> {Angel,Irving,Gabriela} 
Dulce -> {Maria,Edgar,Gaby} 
Arturo -> {Flavio,Gina,Diego} 
Gaby -> {Gina,Flavio,Gael} 
Flavio -> {Erick,Dulce,Arturo} 
Gina -> {Irving,Diego,Erick} 
Gabriela -> {Dulce,Darla,Gina} 
Irving -> {Diego,Angel,Flavio} 
Maria -> {Gabriela,Gael,Angel} 

]]></system-out>
  </testcase>
</testsuite>